#-----------------------------------------------------------
# Vivado v2020.2 (64-bit)
# SW Build 3064766 on Wed Nov 18 09:12:45 MST 2020
# IP Build 3064653 on Wed Nov 18 14:17:31 MST 2020
# Start of session at: Wed Oct 20 22:42:50 2021
# Process ID: 4672
# Current directory: C:/Users/restr/Desktop/Procesador/procesador
# Command line: vivado.exe -gui_launcher_event rodinguilauncherevent9728 C:\Users\restr\Desktop\Procesador\procesador\procesador.xpr
# Log file: C:/Users/restr/Desktop/Procesador/procesador/vivado.log
# Journal file: C:/Users/restr/Desktop/Procesador/procesador\vivado.jou
#-----------------------------------------------------------
start_gui
open_project C:/Users/restr/Desktop/Procesador/procesador/procesador.xpr
WARNING: [filemgmt 56-3] Default IP Output Path : Could not find the directory 'C:/Users/restr/Desktop/Procesador/procesador/procesador.gen/sources_1'.
Scanning sources...
Finished scanning sources
INFO: [IP_Flow 19-234] Refreshing IP repositories
INFO: [IP_Flow 19-1704] No user IP repositories specified
INFO: [IP_Flow 19-2313] Loaded Vivado IP repository 'C:/Xilinx/Vivado/2020.2/data/ip'.
open_project: Time (s): cpu = 00:00:14 ; elapsed = 00:00:12 . Memory (MB): peak = 1218.469 ; gain = 0.000
update_compile_order -fileset sources_1
exit
INFO: [Common 17-206] Exiting Vivado at Wed Oct 20 23:28:36 2021...
